<?xml version="1.0" encoding="utf-8"?><testsuites name="pytest tests"><testsuite name="pytest" errors="0" failures="0" skipped="0" tests="17" time="8.569" timestamp="2026-02-23T05:26:33.763519+00:00" hostname="agent-env-6efd7fe6-5ce3-4d26-bd4f-11873e3c3b2d"><testcase classname="backend.tests.test_partners_dashboard.TestPartnersDashboard" name="test_partner_login_success" time="0.817" /><testcase classname="backend.tests.test_partners_dashboard.TestPartnersDashboard" name="test_dashboard_returns_kpis" time="0.448" /><testcase classname="backend.tests.test_partners_dashboard.TestPartnersDashboard" name="test_dashboard_returns_purchases_history" time="0.455" /><testcase classname="backend.tests.test_partners_dashboard.TestPartnersDashboard" name="test_dashboard_returns_returns_history" time="0.449" /><testcase classname="backend.tests.test_partners_dashboard.TestPartnersDashboard" name="test_dashboard_returns_payment_info" time="0.439" /><testcase classname="backend.tests.test_partners_dashboard.TestProjectionEndpoint" name="test_projection_returns_48_months" time="0.423" /><testcase classname="backend.tests.test_partners_dashboard.TestProjectionEndpoint" name="test_projection_kpis_correct" time="0.437" /><testcase classname="backend.tests.test_partners_dashboard.TestProjectionEndpoint" name="test_projection_monthly_data_structure" time="0.431" /><testcase classname="backend.tests.test_partners_dashboard.TestProjectionEndpoint" name="test_projection_without_reinvestment" time="0.436" /><testcase classname="backend.tests.test_partners_dashboard.TestProjectionEndpoint" name="test_projection_config_returned" time="0.466" /><testcase classname="backend.tests.test_partners_dashboard.TestReinvestmentSettings" name="test_update_reinvestment_enabled" time="0.577" /><testcase classname="backend.tests.test_partners_dashboard.TestReinvestmentSettings" name="test_update_reinvestment_disabled" time="0.548" /><testcase classname="backend.tests.test_partners_dashboard.TestReinvestmentSettings" name="test_update_reinvest_until_month" time="0.698" /><testcase classname="backend.tests.test_partners_dashboard.TestReinvestmentSettings" name="test_reinvestment_requires_auth" time="0.452" /><testcase classname="backend.tests.test_partners_dashboard.TestProjectionCalculations" name="test_dividend_calculation" time="0.466" /><testcase classname="backend.tests.test_partners_dashboard.TestProjectionCalculations" name="test_roi_calculation" time="0.484" /><testcase classname="backend.tests.test_partners_dashboard.TestProjectionCalculations" name="test_lots_growth_with_reinvestment" time="0.461" /></testsuite></testsuites>