<?xml version="1.0" encoding="utf-8"?><testsuites name="pytest tests"><testsuite name="pytest" errors="0" failures="0" skipped="0" tests="17" time="5.573" timestamp="2026-02-16T02:45:07.009824+00:00" hostname="agent-env-6efd7fe6-5ce3-4d26-bd4f-11873e3c3b2d"><testcase classname="backend.tests.test_partners.TestPartnersLandingValues" name="test_share_lot_price_is_4000" time="0.357" /><testcase classname="backend.tests.test_partners.TestPartnersLandingValues" name="test_share_lot_percent_is_005" time="0.221" /><testcase classname="backend.tests.test_partners.TestPartnersLandingValues" name="test_monthly_return_is_100" time="0.141" /><testcase classname="backend.tests.test_partners.TestPartnerRegistration" name="test_register_partner_success" time="0.376" /><testcase classname="backend.tests.test_partners.TestPartnerRegistration" name="test_register_partner_duplicate_email" time="0.272" /><testcase classname="backend.tests.test_partners.TestPartnerRegistration" name="test_register_partner_invalid_clabe" time="0.175" /><testcase classname="backend.tests.test_partners.TestPartnerLogin" name="test_login_partner_success" time="0.366" /><testcase classname="backend.tests.test_partners.TestPartnerLogin" name="test_login_partner_invalid_credentials" time="0.116" /><testcase classname="backend.tests.test_partners.TestPartnerDashboard" name="test_get_dashboard_success" time="0.148" /><testcase classname="backend.tests.test_partners.TestPartnerDashboard" name="test_get_dashboard_unauthorized" time="0.139" /><testcase classname="backend.tests.test_partners.TestBuyLots" name="test_buy_lots_creates_checkout" time="0.545" /><testcase classname="backend.tests.test_partners.TestBuyLots" name="test_buy_multiple_lots" time="0.576" /><testcase classname="backend.tests.test_partners.TestBuyLots" name="test_buy_zero_lots_fails" time="0.137" /><testcase classname="backend.tests.test_partners.TestAdminPartners" name="test_get_partners_list" time="0.520" /><testcase classname="backend.tests.test_partners.TestAdminPartners" name="test_get_partners_stats" time="0.493" /><testcase classname="backend.tests.test_partners.TestAdminPartners" name="test_get_pending_returns" time="0.615" /><testcase classname="backend.tests.test_partners.TestCustomerLandingNavigation" name="test_partners_link_exists" time="0.323" /></testsuite></testsuites>