<?xml version="1.0" encoding="utf-8"?><testsuites name="pytest tests"><testsuite name="pytest" errors="0" failures="0" skipped="0" tests="10" time="2.143" timestamp="2026-03-21T05:22:55.886458+00:00" hostname="agent-env-d3180068-8f5e-44f1-8e12-10bc20397773"><testcase classname="backend.tests.test_google_auth_banner.TestBannerRemoval" name="test_banner_not_in_index_html" time="0.000" /><testcase classname="backend.tests.test_google_auth_banner.TestGoogleAuthEndpoint" name="test_google_session_rejects_invalid_session" time="0.319" /><testcase classname="backend.tests.test_google_auth_banner.TestGoogleAuthEndpoint" name="test_google_session_rejects_empty_session" time="0.154" /><testcase classname="backend.tests.test_google_auth_banner.TestTraditionalLogin" name="test_superadmin_login_success" time="0.352" /><testcase classname="backend.tests.test_google_auth_banner.TestTraditionalLogin" name="test_login_invalid_credentials" time="0.103" /><testcase classname="backend.tests.test_google_auth_banner.TestTraditionalLogin" name="test_tenant_login_success" time="0.359" /><testcase classname="backend.tests.test_google_auth_banner.TestAuthMe" name="test_auth_me_with_valid_token" time="0.420" /><testcase classname="backend.tests.test_google_auth_banner.TestAuthMe" name="test_auth_me_without_token" time="0.111" /><testcase classname="backend.tests.test_google_auth_banner.TestAuthMe" name="test_auth_me_with_invalid_token" time="0.154" /><testcase classname="backend.tests.test_google_auth_banner.TestGoogleLogout" name="test_google_logout_endpoint_exists" time="0.108" /></testsuite></testsuites>