<?xml version="1.0" encoding="utf-8"?><testsuites name="pytest tests"><testsuite name="pytest" errors="0" failures="0" skipped="0" tests="12" time="2.845" timestamp="2026-01-29T07:01:28.224041+00:00" hostname="agent-env-87abba4b-1c58-45cd-95fe-4f5f731b0a7b"><testcase classname="tests.test_whatsapp_products.TestAuth" name="test_login_success" time="0.311" /><testcase classname="tests.test_whatsapp_products.TestWhatsAppAlerts" name="test_whatsapp_status" time="0.305" /><testcase classname="tests.test_whatsapp_products.TestWhatsAppAlerts" name="test_get_whatsapp_numbers" time="0.037" /><testcase classname="tests.test_whatsapp_products.TestWhatsAppAlerts" name="test_add_whatsapp_number" time="0.069" /><testcase classname="tests.test_whatsapp_products.TestWhatsAppAlerts" name="test_add_invalid_whatsapp_number" time="0.040" /><testcase classname="tests.test_whatsapp_products.TestProductImages" name="test_get_products_with_images" time="0.306" /><testcase classname="tests.test_whatsapp_products.TestProductImages" name="test_update_product_images_via_url" time="0.123" /><testcase classname="tests.test_whatsapp_products.TestCatalogExport" name="test_export_catalog_json" time="0.339" /><testcase classname="tests.test_whatsapp_products.TestCatalogExport" name="test_export_catalog_csv" time="0.042" /><testcase classname="tests.test_whatsapp_products.TestCatalogExport" name="test_export_catalog_invalid_cafeteria" time="0.041" /><testcase classname="tests.test_whatsapp_products.TestIngredientAlerts" name="test_get_ingredient_alerts" time="0.310" /><testcase classname="tests.test_whatsapp_products.TestSidebarNavigation" name="test_all_api_endpoints" time="0.848" /></testsuite></testsuites>