<?xml version="1.0" encoding="utf-8"?><testsuites name="pytest tests"><testsuite name="pytest" errors="0" failures="0" skipped="0" tests="18" time="6.131" timestamp="2026-02-28T05:00:30.804517+00:00" hostname="agent-env-6efd7fe6-5ce3-4d26-bd4f-11873e3c3b2d"><testcase classname="backend.tests.test_coupons_fund.TestFundStatus" name="test_fund_status_returns_correct_structure" time="0.204" /><testcase classname="backend.tests.test_coupons_fund.TestFundStatus" name="test_fund_status_values_are_correct" time="0.138" /><testcase classname="backend.tests.test_coupons_fund.TestCouponsCRUD" name="test_create_percent_coupon" time="0.469" /><testcase classname="backend.tests.test_coupons_fund.TestCouponsCRUD" name="test_create_fixed_coupon" time="0.096" /><testcase classname="backend.tests.test_coupons_fund.TestCouponsCRUD" name="test_create_subscription_only_coupon" time="0.111" /><testcase classname="backend.tests.test_coupons_fund.TestCouponsCRUD" name="test_create_duplicate_coupon_fails" time="0.251" /><testcase classname="backend.tests.test_coupons_fund.TestCouponsCRUD" name="test_create_invalid_percent_fails" time="0.141" /><testcase classname="backend.tests.test_coupons_fund.TestCouponsCRUD" name="test_list_coupons" time="0.110" /><testcase classname="backend.tests.test_coupons_fund.TestCouponsCRUD" name="test_toggle_coupon_active_status" time="0.314" /><testcase classname="backend.tests.test_coupons_fund.TestCouponsCRUD" name="test_delete_coupon" time="0.308" /><testcase classname="backend.tests.test_coupons_fund.TestCouponValidation" name="test_validate_percent_coupon" time="0.551" /><testcase classname="backend.tests.test_coupons_fund.TestCouponValidation" name="test_validate_fixed_coupon" time="0.200" /><testcase classname="backend.tests.test_coupons_fund.TestCouponValidation" name="test_validate_invalid_coupon_fails" time="0.120" /><testcase classname="backend.tests.test_coupons_fund.TestCouponValidation" name="test_validate_wrong_type_fails" time="0.218" /><testcase classname="backend.tests.test_coupons_fund.TestCouponValidation" name="test_validate_deactivated_coupon_fails" time="0.412" /><testcase classname="backend.tests.test_coupons_fund.TestCouponReport" name="test_get_coupon_report" time="0.435" /><testcase classname="backend.tests.test_coupons_fund.TestPartnerCouponIntegration" name="test_partner_dashboard_shows_fund_status" time="0.429" /><testcase classname="backend.tests.test_coupons_fund.TestPartnerCouponIntegration" name="test_fund_status_accessible_from_dashboard" time="1.539" /></testsuite></testsuites>