<?xml version="1.0" encoding="utf-8"?><testsuites name="pytest tests"><testsuite name="pytest" errors="0" failures="0" skipped="0" tests="12" time="5.733" timestamp="2026-02-16T04:45:49.660546+00:00" hostname="agent-env-6efd7fe6-5ce3-4d26-bd4f-11873e3c3b2d"><testcase classname="backend.tests.test_partners_new_features.TestPartnerRegistrationPaymentMethods" name="test_register_partner_with_bank_account" time="0.441" /><testcase classname="backend.tests.test_partners_new_features.TestPartnerRegistrationPaymentMethods" name="test_register_partner_with_paypal" time="0.328" /><testcase classname="backend.tests.test_partners_new_features.TestPartnerRegistrationPaymentMethods" name="test_register_partner_invalid_paypal_email" time="0.311" /><testcase classname="backend.tests.test_partners_new_features.TestPartnerRegistrationPaymentMethods" name="test_register_partner_missing_bank_info" time="0.118" /><testcase classname="backend.tests.test_partners_new_features.TestBuyLotsPaymentMethods" name="test_buy_lots_stripe" time="1.311" /><testcase classname="backend.tests.test_partners_new_features.TestBuyLotsPaymentMethods" name="test_buy_lots_spei" time="0.434" /><testcase classname="backend.tests.test_partners_new_features.TestBuyLotsPaymentMethods" name="test_buy_lots_paypal" time="0.495" /><testcase classname="backend.tests.test_partners_new_features.TestReceiptUpload" name="test_upload_receipt_image" time="0.455" /><testcase classname="backend.tests.test_partners_new_features.TestReceiptUpload" name="test_upload_receipt_pdf" time="0.444" /><testcase classname="backend.tests.test_partners_new_features.TestReceiptUpload" name="test_upload_receipt_invalid_type" time="0.424" /><testcase classname="backend.tests.test_partners_new_features.TestDashboardPaymentInfo" name="test_dashboard_shows_bank_info" time="0.474" /><testcase classname="backend.tests.test_partners_new_features.TestDashboardPaymentInfo" name="test_dashboard_shows_paypal_info" time="0.436" /></testsuite></testsuites>